<?xml version="1.0" encoding="UTF-8"?>
<!-- Generated by org.testng.reporters.JUnitReportReporter -->
<testsuite hostname="DESKTOP-BNMBFJ3" failures="0" tests="1" name="base.com.Testng" time="0.085" errors="0" timestamp="09 Oct 2022 13:57:13 GMT" skipped="0">
  <testcase classname="base.com.Testng" name="tc01" time="0.085"/>
</testsuite> <!-- base.com.Testng -->
