<?xml version="1.0" encoding="UTF-8"?>
<!-- Generated by org.testng.reporters.JUnitReportReporter -->
<testsuite hostname="DESKTOP-BNMBFJ3" failures="0" tests="1" name="testng.com.Testng" time="0.019" errors="0" timestamp="10 Oct 2022 08:07:53 GMT" skipped="0">
  <testcase classname="testng.com.Testng" name="tc01" time="0.019"/>
</testsuite> <!-- testng.com.Testng -->
