<?xml version="1.0" encoding="UTF-8"?>
<!-- Generated by org.testng.reporters.JUnitReportReporter -->
<testsuite hostname="DESKTOP-BNMBFJ3" failures="0" tests="3" name="testng.com.Dataprovider" time="115.016" errors="0" timestamp="12 Oct 2022 03:38:09 GMT" skipped="0">
  <testcase classname="testng.com.Dataprovider" name="tc01" time="18.560"/>
  <testcase classname="testng.com.Dataprovider" name="tc01" time="44.103"/>
  <testcase classname="testng.com.Dataprovider" name="tc01" time="52.353"/>
</testsuite> <!-- testng.com.Dataprovider -->
