<?xml version="1.0" encoding="UTF-8"?>
<!-- Generated by org.testng.reporters.JUnitReportReporter -->
<testsuite hostname="DESKTOP-BNMBFJ3" failures="0" tests="2" name="testng.com.S1" time="0.032" errors="0" timestamp="12 Oct 2022 10:52:11 GMT" skipped="0">
  <testcase classname="testng.com.S1" name="tc02" time="0.012"/>
  <testcase classname="testng.com.S1" name="tc01" time="0.020"/>
</testsuite> <!-- testng.com.S1 -->
