<?xml version="1.0" encoding="UTF-8"?>
<!-- Generated by org.testng.reporters.JUnitReportReporter -->
<testsuite hostname="DESKTOP-BNMBFJ3" failures="0" tests="4" name="testng.com.Para" time="33.057" errors="0" timestamp="13 Oct 2022 05:14:24 GMT" skipped="0">
  <testcase classname="testng.com.Para" name="tc01" time="6.134"/>
  <testcase classname="testng.com.Para" name="tco4" time="8.238"/>
  <testcase classname="testng.com.Para" name="tc02" time="4.349"/>
  <testcase classname="testng.com.Para" name="tc03" time="14.336"/>
</testsuite> <!-- testng.com.Para -->
