<?xml version="1.0" encoding="UTF-8"?>
<!-- Generated by org.testng.reporters.JUnitReportReporter -->
<testsuite hostname="DESKTOP-BNMBFJ3" failures="0" tests="11" name="testng.com.Testannotations" time="0.185" errors="0" timestamp="10 Oct 2022 05:07:57 GMT" skipped="1">
  <testcase classname="testng.com.Testannotations" name="tc06" time="0.018"/>
  <testcase classname="testng.com.Testannotations" name="tc04" time="0.006"/>
  <testcase classname="testng.com.Testannotations" name="tc08" time="0.001"/>
  <testcase classname="testng.com.Testannotations" name="tc02" time="0.008"/>
  <testcase classname="testng.com.Testannotations" name="tc02" time="0.136"/>
  <testcase classname="testng.com.Testannotations" name="tc07" time="0.001"/>
  <testcase classname="testng.com.Testannotations" name="tc05" time="0.004"/>
  <testcase classname="testng.com.Testannotations" name="tc09" time="0.002"/>
  <testcase classname="testng.com.Testannotations" name="tc02" time="0.007"/>
  <testcase classname="testng.com.Testannotations" name="tc01" time="0.002"/>
  <testcase classname="testng.com.Testannotations" name="tc03">
    <skipped/>
  </testcase> <!-- tc03 -->
</testsuite> <!-- testng.com.Testannotations -->
